<?xml version="1.0" encoding="UTF-8"?>
<!-- Generated by org.testng.reporters.JUnitReportReporter -->
<testsuite hostname="LAPTOP-JA2VHB8L" failures="0" tests="6" name="files.DynamicJson" time="5.227" errors="0" timestamp="2023-07-26T21:52:59 ICT" skipped="0">
  <testcase classname="files.DynamicJson" name="deleteBook" time="0.650"/>
  <system-out/>
  <testcase classname="files.DynamicJson" name="deleteBook" time="0.646"/>
  <system-out/>
  <testcase classname="files.DynamicJson" name="addBook" time="0.643"/>
  <system-out/>
  <testcase classname="files.DynamicJson" name="addBook" time="2.011"/>
  <system-out/>
  <testcase classname="files.DynamicJson" name="addBook" time="0.648"/>
  <system-out/>
  <testcase classname="files.DynamicJson" name="deleteBook" time="0.629"/>
  <system-out/>
</testsuite> <!-- files.DynamicJson -->
