<?xml version="1.0" encoding="UTF-8"?>
<!-- Generated by org.testng.reporters.JUnitReportReporter -->
<testsuite hostname="LAPTOP-JA2VHB8L" failures="0" tests="1" name="SumValidation" time="0.844" errors="0" timestamp="2023-07-24T22:45:05 ICT" skipped="0">
  <testcase classname="SumValidation" name="sumOfCourse" time="0.844"/>
  <system-out/>
</testsuite> <!-- SumValidation -->
